have_header: checking for unistd.h... -------------------- yes

"gcc -o conftest -I/tmp/d20171217-46-6dql5a/opt/zammad/vendor/ruby-2.4.1/include/ruby-2.4.0/x86_64-linux -I/tmp/d20171217-46-6dql5a/opt/zammad/vendor/ruby-2.4.1/include/ruby-2.4.0/ruby/backward -I/tmp/d20171217-46-6dql5a/opt/zammad/vendor/ruby-2.4.1/include/ruby-2.4.0 -I.    -O3 -fno-fast-math -g -Wall -Wextra -Wno-unused-parameter -Wno-parentheses -Wno-long-long -Wno-missing-field-initializers -Wno-tautological-compare -Wno-parentheses-equality -Wno-constant-logical-operand -Wno-self-assign -Wunused-variable -Wimplicit-int -Wpointer-arith -Wwrite-strings -Wdeclaration-after-statement -Wimplicit-function-declaration -Wdeprecated-declarations -Wno-packed-bitfield-compat -Wsuggest-attribute=noreturn -Wsuggest-attribute=format -Wno-maybe-uninitialized conftest.c  -L. -L/tmp/d20171217-46-6dql5a/opt/zammad/vendor/ruby-2.4.1/lib -Wl,-R/tmp/d20171217-46-6dql5a/opt/zammad/vendor/ruby-2.4.1/lib -L. -fstack-protector -rdynamic -Wl,-export-dynamic     -Wl,-R/tmp/d20171217-46-6dql5a/opt/zammad/vendor/ruby-2.4.1/lib -lruby-static  -lpthread -ldl -lcrypt -lm   -lc"
checked program was:
/* begin */
1: #include "ruby.h"
2: 
3: int main(int argc, char **argv)
4: {
5:   return 0;
6: }
/* end */

"gcc -E -I/tmp/d20171217-46-6dql5a/opt/zammad/vendor/ruby-2.4.1/include/ruby-2.4.0/x86_64-linux -I/tmp/d20171217-46-6dql5a/opt/zammad/vendor/ruby-2.4.1/include/ruby-2.4.0/ruby/backward -I/tmp/d20171217-46-6dql5a/opt/zammad/vendor/ruby-2.4.1/include/ruby-2.4.0 -I.    -O3 -fno-fast-math -g -Wall -Wextra -Wno-unused-parameter -Wno-parentheses -Wno-long-long -Wno-missing-field-initializers -Wno-tautological-compare -Wno-parentheses-equality -Wno-constant-logical-operand -Wno-self-assign -Wunused-variable -Wimplicit-int -Wpointer-arith -Wwrite-strings -Wdeclaration-after-statement -Wimplicit-function-declaration -Wdeprecated-declarations -Wno-packed-bitfield-compat -Wsuggest-attribute=noreturn -Wsuggest-attribute=format -Wno-maybe-uninitialized  conftest.c -o conftest.i"
checked program was:
/* begin */
1: #include "ruby.h"
2: 
3: #include <unistd.h>
/* end */

--------------------

have_header: checking for sys/select.h... -------------------- yes

"gcc -E -I/tmp/d20171217-46-6dql5a/opt/zammad/vendor/ruby-2.4.1/include/ruby-2.4.0/x86_64-linux -I/tmp/d20171217-46-6dql5a/opt/zammad/vendor/ruby-2.4.1/include/ruby-2.4.0/ruby/backward -I/tmp/d20171217-46-6dql5a/opt/zammad/vendor/ruby-2.4.1/include/ruby-2.4.0 -I.    -O3 -fno-fast-math -g -Wall -Wextra -Wno-unused-parameter -Wno-parentheses -Wno-long-long -Wno-missing-field-initializers -Wno-tautological-compare -Wno-parentheses-equality -Wno-constant-logical-operand -Wno-self-assign -Wunused-variable -Wimplicit-int -Wpointer-arith -Wwrite-strings -Wdeclaration-after-statement -Wimplicit-function-declaration -Wdeprecated-declarations -Wno-packed-bitfield-compat -Wsuggest-attribute=noreturn -Wsuggest-attribute=format -Wno-maybe-uninitialized  conftest.c -o conftest.i"
checked program was:
/* begin */
1: #include "ruby.h"
2: 
3: #include <sys/select.h>
/* end */

--------------------

have_header: checking for poll.h... -------------------- yes

"gcc -E -I/tmp/d20171217-46-6dql5a/opt/zammad/vendor/ruby-2.4.1/include/ruby-2.4.0/x86_64-linux -I/tmp/d20171217-46-6dql5a/opt/zammad/vendor/ruby-2.4.1/include/ruby-2.4.0/ruby/backward -I/tmp/d20171217-46-6dql5a/opt/zammad/vendor/ruby-2.4.1/include/ruby-2.4.0 -I.    -O3 -fno-fast-math -g -Wall -Wextra -Wno-unused-parameter -Wno-parentheses -Wno-long-long -Wno-missing-field-initializers -Wno-tautological-compare -Wno-parentheses-equality -Wno-constant-logical-operand -Wno-self-assign -Wunused-variable -Wimplicit-int -Wpointer-arith -Wwrite-strings -Wdeclaration-after-statement -Wimplicit-function-declaration -Wdeprecated-declarations -Wno-packed-bitfield-compat -Wsuggest-attribute=noreturn -Wsuggest-attribute=format -Wno-maybe-uninitialized  conftest.c -o conftest.i"
checked program was:
/* begin */
1: #include "ruby.h"
2: 
3: #include <poll.h>
/* end */

--------------------

have_header: checking for sys/epoll.h... -------------------- yes

"gcc -E -I/tmp/d20171217-46-6dql5a/opt/zammad/vendor/ruby-2.4.1/include/ruby-2.4.0/x86_64-linux -I/tmp/d20171217-46-6dql5a/opt/zammad/vendor/ruby-2.4.1/include/ruby-2.4.0/ruby/backward -I/tmp/d20171217-46-6dql5a/opt/zammad/vendor/ruby-2.4.1/include/ruby-2.4.0 -I.    -O3 -fno-fast-math -g -Wall -Wextra -Wno-unused-parameter -Wno-parentheses -Wno-long-long -Wno-missing-field-initializers -Wno-tautological-compare -Wno-parentheses-equality -Wno-constant-logical-operand -Wno-self-assign -Wunused-variable -Wimplicit-int -Wpointer-arith -Wwrite-strings -Wdeclaration-after-statement -Wimplicit-function-declaration -Wdeprecated-declarations -Wno-packed-bitfield-compat -Wsuggest-attribute=noreturn -Wsuggest-attribute=format -Wno-maybe-uninitialized  conftest.c -o conftest.i"
checked program was:
/* begin */
1: #include "ruby.h"
2: 
3: #include <sys/epoll.h>
/* end */

--------------------

have_header: checking for sys/event.h... -------------------- no

"gcc -E -I/tmp/d20171217-46-6dql5a/opt/zammad/vendor/ruby-2.4.1/include/ruby-2.4.0/x86_64-linux -I/tmp/d20171217-46-6dql5a/opt/zammad/vendor/ruby-2.4.1/include/ruby-2.4.0/ruby/backward -I/tmp/d20171217-46-6dql5a/opt/zammad/vendor/ruby-2.4.1/include/ruby-2.4.0 -I.    -O3 -fno-fast-math -g -Wall -Wextra -Wno-unused-parameter -Wno-parentheses -Wno-long-long -Wno-missing-field-initializers -Wno-tautological-compare -Wno-parentheses-equality -Wno-constant-logical-operand -Wno-self-assign -Wunused-variable -Wimplicit-int -Wpointer-arith -Wwrite-strings -Wdeclaration-after-statement -Wimplicit-function-declaration -Wdeprecated-declarations -Wno-packed-bitfield-compat -Wsuggest-attribute=noreturn -Wsuggest-attribute=format -Wno-maybe-uninitialized  conftest.c -o conftest.i"
conftest.c:3:23: fatal error: sys/event.h: No such file or directory
compilation terminated.
checked program was:
/* begin */
1: #include "ruby.h"
2: 
3: #include <sys/event.h>
/* end */

--------------------

have_header: checking for port.h... -------------------- no

"gcc -E -I/tmp/d20171217-46-6dql5a/opt/zammad/vendor/ruby-2.4.1/include/ruby-2.4.0/x86_64-linux -I/tmp/d20171217-46-6dql5a/opt/zammad/vendor/ruby-2.4.1/include/ruby-2.4.0/ruby/backward -I/tmp/d20171217-46-6dql5a/opt/zammad/vendor/ruby-2.4.1/include/ruby-2.4.0 -I.    -O3 -fno-fast-math -g -Wall -Wextra -Wno-unused-parameter -Wno-parentheses -Wno-long-long -Wno-missing-field-initializers -Wno-tautological-compare -Wno-parentheses-equality -Wno-constant-logical-operand -Wno-self-assign -Wunused-variable -Wimplicit-int -Wpointer-arith -Wwrite-strings -Wdeclaration-after-statement -Wimplicit-function-declaration -Wdeprecated-declarations -Wno-packed-bitfield-compat -Wsuggest-attribute=noreturn -Wsuggest-attribute=format -Wno-maybe-uninitialized  conftest.c -o conftest.i"
conftest.c:3:18: fatal error: port.h: No such file or directory
compilation terminated.
checked program was:
/* begin */
1: #include "ruby.h"
2: 
3: #include <port.h>
/* end */

--------------------

have_header: checking for sys/resource.h... -------------------- yes

"gcc -E -I/tmp/d20171217-46-6dql5a/opt/zammad/vendor/ruby-2.4.1/include/ruby-2.4.0/x86_64-linux -I/tmp/d20171217-46-6dql5a/opt/zammad/vendor/ruby-2.4.1/include/ruby-2.4.0/ruby/backward -I/tmp/d20171217-46-6dql5a/opt/zammad/vendor/ruby-2.4.1/include/ruby-2.4.0 -I.    -O3 -fno-fast-math -g -Wall -Wextra -Wno-unused-parameter -Wno-parentheses -Wno-long-long -Wno-missing-field-initializers -Wno-tautological-compare -Wno-parentheses-equality -Wno-constant-logical-operand -Wno-self-assign -Wunused-variable -Wimplicit-int -Wpointer-arith -Wwrite-strings -Wdeclaration-after-statement -Wimplicit-function-declaration -Wdeprecated-declarations -Wno-packed-bitfield-compat -Wsuggest-attribute=noreturn -Wsuggest-attribute=format -Wno-maybe-uninitialized  conftest.c -o conftest.i"
checked program was:
/* begin */
1: #include "ruby.h"
2: 
3: #include <sys/resource.h>
/* end */

--------------------

