have_header: checking for unistd.h... -------------------- yes

"gcc -o conftest -I/tmp/d20180606-47-kgvji3/opt/zammad/vendor/ruby-2.4.4/include/ruby-2.4.0/x86_64-linux -I/tmp/d20180606-47-kgvji3/opt/zammad/vendor/ruby-2.4.4/include/ruby-2.4.0/ruby/backward -I/tmp/d20180606-47-kgvji3/opt/zammad/vendor/ruby-2.4.4/include/ruby-2.4.0 -I.    -O3 -fno-fast-math -g -Wall -Wextra -Wno-unused-parameter -Wno-parentheses -Wno-long-long -Wno-missing-field-initializers -Wno-tautological-compare -Wno-parentheses-equality -Wno-constant-logical-operand -Wno-self-assign -Wunused-variable -Wimplicit-int -Wpointer-arith -Wwrite-strings -Wdeclaration-after-statement -Wimplicit-function-declaration -Wdeprecated-declarations -Wno-packed-bitfield-compat -Wsuggest-attribute=noreturn -Wsuggest-attribute=format -Wno-maybe-uninitialized conftest.c  -L. -L/tmp/d20180606-47-kgvji3/opt/zammad/vendor/ruby-2.4.4/lib -Wl,-rpath,/tmp/d20180606-47-kgvji3/opt/zammad/vendor/ruby-2.4.4/lib -L. -fstack-protector -rdynamic -Wl,-export-dynamic     -Wl,-rpath,/tmp/d20180606-47-kgvji3/opt/zammad/vendor/ruby-2.4.4/lib -lruby-static  -lpthread -ldl -lcrypt -lm   -lc"
checked program was:
/* begin */
1: #include "ruby.h"
2: 
3: int main(int argc, char **argv)
4: {
5:   return 0;
6: }
/* end */

"gcc -E -I/tmp/d20180606-47-kgvji3/opt/zammad/vendor/ruby-2.4.4/include/ruby-2.4.0/x86_64-linux -I/tmp/d20180606-47-kgvji3/opt/zammad/vendor/ruby-2.4.4/include/ruby-2.4.0/ruby/backward -I/tmp/d20180606-47-kgvji3/opt/zammad/vendor/ruby-2.4.4/include/ruby-2.4.0 -I.    -O3 -fno-fast-math -g -Wall -Wextra -Wno-unused-parameter -Wno-parentheses -Wno-long-long -Wno-missing-field-initializers -Wno-tautological-compare -Wno-parentheses-equality -Wno-constant-logical-operand -Wno-self-assign -Wunused-variable -Wimplicit-int -Wpointer-arith -Wwrite-strings -Wdeclaration-after-statement -Wimplicit-function-declaration -Wdeprecated-declarations -Wno-packed-bitfield-compat -Wsuggest-attribute=noreturn -Wsuggest-attribute=format -Wno-maybe-uninitialized  conftest.c -o conftest.i"
checked program was:
/* begin */
1: #include "ruby.h"
2: 
3: #include <unistd.h>
/* end */

--------------------

have_header: checking for sys/select.h... -------------------- yes

"gcc -E -I/tmp/d20180606-47-kgvji3/opt/zammad/vendor/ruby-2.4.4/include/ruby-2.4.0/x86_64-linux -I/tmp/d20180606-47-kgvji3/opt/zammad/vendor/ruby-2.4.4/include/ruby-2.4.0/ruby/backward -I/tmp/d20180606-47-kgvji3/opt/zammad/vendor/ruby-2.4.4/include/ruby-2.4.0 -I.    -O3 -fno-fast-math -g -Wall -Wextra -Wno-unused-parameter -Wno-parentheses -Wno-long-long -Wno-missing-field-initializers -Wno-tautological-compare -Wno-parentheses-equality -Wno-constant-logical-operand -Wno-self-assign -Wunused-variable -Wimplicit-int -Wpointer-arith -Wwrite-strings -Wdeclaration-after-statement -Wimplicit-function-declaration -Wdeprecated-declarations -Wno-packed-bitfield-compat -Wsuggest-attribute=noreturn -Wsuggest-attribute=format -Wno-maybe-uninitialized  conftest.c -o conftest.i"
checked program was:
/* begin */
1: #include "ruby.h"
2: 
3: #include <sys/select.h>
/* end */

--------------------

have_type: checking for port_event_t in poll.h... -------------------- no

"gcc -I/tmp/d20180606-47-kgvji3/opt/zammad/vendor/ruby-2.4.4/include/ruby-2.4.0/x86_64-linux -I/tmp/d20180606-47-kgvji3/opt/zammad/vendor/ruby-2.4.4/include/ruby-2.4.0/ruby/backward -I/tmp/d20180606-47-kgvji3/opt/zammad/vendor/ruby-2.4.4/include/ruby-2.4.0 -I.    -O3 -fno-fast-math -g -Wall -Wextra -Wno-unused-parameter -Wno-parentheses -Wno-long-long -Wno-missing-field-initializers -Wno-tautological-compare -Wno-parentheses-equality -Wno-constant-logical-operand -Wno-self-assign -Wunused-variable -Wimplicit-int -Wpointer-arith -Wwrite-strings -Wdeclaration-after-statement -Wimplicit-function-declaration -Wdeprecated-declarations -Wno-packed-bitfield-compat -Wsuggest-attribute=noreturn -Wsuggest-attribute=format -Wno-maybe-uninitialized   -c conftest.c"
conftest.c:6:9: error: unknown type name ‘port_event_t’
 typedef port_event_t conftest_type;
         ^
cc1: warning: unrecognized command line option ‘-Wno-self-assign’
cc1: warning: unrecognized command line option ‘-Wno-constant-logical-operand’
cc1: warning: unrecognized command line option ‘-Wno-parentheses-equality’
cc1: warning: unrecognized command line option ‘-Wno-tautological-compare’
checked program was:
/* begin */
1: #include "ruby.h"
2: 
3: #include <poll.h>
4: 
5: /*top*/
6: typedef port_event_t conftest_type;
7: int conftestval[sizeof(conftest_type)?1:-1];
/* end */

--------------------

have_header: checking for sys/epoll.h... -------------------- yes

"gcc -E -I/tmp/d20180606-47-kgvji3/opt/zammad/vendor/ruby-2.4.4/include/ruby-2.4.0/x86_64-linux -I/tmp/d20180606-47-kgvji3/opt/zammad/vendor/ruby-2.4.4/include/ruby-2.4.0/ruby/backward -I/tmp/d20180606-47-kgvji3/opt/zammad/vendor/ruby-2.4.4/include/ruby-2.4.0 -I.    -O3 -fno-fast-math -g -Wall -Wextra -Wno-unused-parameter -Wno-parentheses -Wno-long-long -Wno-missing-field-initializers -Wno-tautological-compare -Wno-parentheses-equality -Wno-constant-logical-operand -Wno-self-assign -Wunused-variable -Wimplicit-int -Wpointer-arith -Wwrite-strings -Wdeclaration-after-statement -Wimplicit-function-declaration -Wdeprecated-declarations -Wno-packed-bitfield-compat -Wsuggest-attribute=noreturn -Wsuggest-attribute=format -Wno-maybe-uninitialized  conftest.c -o conftest.i"
checked program was:
/* begin */
1: #include "ruby.h"
2: 
3: #include <sys/epoll.h>
/* end */

--------------------

have_header: checking for sys/event.h... -------------------- no

"gcc -E -I/tmp/d20180606-47-kgvji3/opt/zammad/vendor/ruby-2.4.4/include/ruby-2.4.0/x86_64-linux -I/tmp/d20180606-47-kgvji3/opt/zammad/vendor/ruby-2.4.4/include/ruby-2.4.0/ruby/backward -I/tmp/d20180606-47-kgvji3/opt/zammad/vendor/ruby-2.4.4/include/ruby-2.4.0 -I.    -O3 -fno-fast-math -g -Wall -Wextra -Wno-unused-parameter -Wno-parentheses -Wno-long-long -Wno-missing-field-initializers -Wno-tautological-compare -Wno-parentheses-equality -Wno-constant-logical-operand -Wno-self-assign -Wunused-variable -Wimplicit-int -Wpointer-arith -Wwrite-strings -Wdeclaration-after-statement -Wimplicit-function-declaration -Wdeprecated-declarations -Wno-packed-bitfield-compat -Wsuggest-attribute=noreturn -Wsuggest-attribute=format -Wno-maybe-uninitialized  conftest.c -o conftest.i"
conftest.c:3:23: fatal error: sys/event.h: No such file or directory
compilation terminated.
checked program was:
/* begin */
1: #include "ruby.h"
2: 
3: #include <sys/event.h>
/* end */

--------------------

have_type: checking for port_event_t in port.h... -------------------- no

"gcc -I/tmp/d20180606-47-kgvji3/opt/zammad/vendor/ruby-2.4.4/include/ruby-2.4.0/x86_64-linux -I/tmp/d20180606-47-kgvji3/opt/zammad/vendor/ruby-2.4.4/include/ruby-2.4.0/ruby/backward -I/tmp/d20180606-47-kgvji3/opt/zammad/vendor/ruby-2.4.4/include/ruby-2.4.0 -I.    -O3 -fno-fast-math -g -Wall -Wextra -Wno-unused-parameter -Wno-parentheses -Wno-long-long -Wno-missing-field-initializers -Wno-tautological-compare -Wno-parentheses-equality -Wno-constant-logical-operand -Wno-self-assign -Wunused-variable -Wimplicit-int -Wpointer-arith -Wwrite-strings -Wdeclaration-after-statement -Wimplicit-function-declaration -Wdeprecated-declarations -Wno-packed-bitfield-compat -Wsuggest-attribute=noreturn -Wsuggest-attribute=format -Wno-maybe-uninitialized   -c conftest.c"
conftest.c:3:18: fatal error: port.h: No such file or directory
compilation terminated.
checked program was:
/* begin */
1: #include "ruby.h"
2: 
3: #include <port.h>
4: 
5: /*top*/
6: typedef port_event_t conftest_type;
7: int conftestval[sizeof(conftest_type)?1:-1];
/* end */

--------------------

have_header: checking for sys/resource.h... -------------------- yes

"gcc -E -I/tmp/d20180606-47-kgvji3/opt/zammad/vendor/ruby-2.4.4/include/ruby-2.4.0/x86_64-linux -I/tmp/d20180606-47-kgvji3/opt/zammad/vendor/ruby-2.4.4/include/ruby-2.4.0/ruby/backward -I/tmp/d20180606-47-kgvji3/opt/zammad/vendor/ruby-2.4.4/include/ruby-2.4.0 -I.    -O3 -fno-fast-math -g -Wall -Wextra -Wno-unused-parameter -Wno-parentheses -Wno-long-long -Wno-missing-field-initializers -Wno-tautological-compare -Wno-parentheses-equality -Wno-constant-logical-operand -Wno-self-assign -Wunused-variable -Wimplicit-int -Wpointer-arith -Wwrite-strings -Wdeclaration-after-statement -Wimplicit-function-declaration -Wdeprecated-declarations -Wno-packed-bitfield-compat -Wsuggest-attribute=noreturn -Wsuggest-attribute=format -Wno-maybe-uninitialized  conftest.c -o conftest.i"
checked program was:
/* begin */
1: #include "ruby.h"
2: 
3: #include <sys/resource.h>
/* end */

--------------------

