have_func: checking for rb_absint_size()... -------------------- yes

"gcc -o conftest -I/tmp/d20171217-46-6dql5a/opt/zammad/vendor/ruby-2.4.1/include/ruby-2.4.0/x86_64-linux -I/tmp/d20171217-46-6dql5a/opt/zammad/vendor/ruby-2.4.1/include/ruby-2.4.0/ruby/backward -I/tmp/d20171217-46-6dql5a/opt/zammad/vendor/ruby-2.4.1/include/ruby-2.4.0 -I.    -O3 -fno-fast-math -g -Wall -Wextra -Wno-unused-parameter -Wno-parentheses -Wno-long-long -Wno-missing-field-initializers -Wno-tautological-compare -Wno-parentheses-equality -Wno-constant-logical-operand -Wno-self-assign -Wunused-variable -Wimplicit-int -Wpointer-arith -Wwrite-strings -Wdeclaration-after-statement -Wimplicit-function-declaration -Wdeprecated-declarations -Wno-packed-bitfield-compat -Wsuggest-attribute=noreturn -Wsuggest-attribute=format -Wno-maybe-uninitialized conftest.c  -L. -L/tmp/d20171217-46-6dql5a/opt/zammad/vendor/ruby-2.4.1/lib -Wl,-R/tmp/d20171217-46-6dql5a/opt/zammad/vendor/ruby-2.4.1/lib -L. -fstack-protector -rdynamic -Wl,-export-dynamic     -Wl,-R/tmp/d20171217-46-6dql5a/opt/zammad/vendor/ruby-2.4.1/lib -lruby-static  -lpthread -ldl -lcrypt -lm   -lc"
checked program was:
/* begin */
1: #include "ruby.h"
2: 
3: int main(int argc, char **argv)
4: {
5:   return 0;
6: }
/* end */

"gcc -o conftest -I/tmp/d20171217-46-6dql5a/opt/zammad/vendor/ruby-2.4.1/include/ruby-2.4.0/x86_64-linux -I/tmp/d20171217-46-6dql5a/opt/zammad/vendor/ruby-2.4.1/include/ruby-2.4.0/ruby/backward -I/tmp/d20171217-46-6dql5a/opt/zammad/vendor/ruby-2.4.1/include/ruby-2.4.0 -I.    -O3 -fno-fast-math -g -Wall -Wextra -Wno-unused-parameter -Wno-parentheses -Wno-long-long -Wno-missing-field-initializers -Wno-tautological-compare -Wno-parentheses-equality -Wno-constant-logical-operand -Wno-self-assign -Wunused-variable -Wimplicit-int -Wpointer-arith -Wwrite-strings -Wdeclaration-after-statement -Wimplicit-function-declaration -Wdeprecated-declarations -Wno-packed-bitfield-compat -Wsuggest-attribute=noreturn -Wsuggest-attribute=format -Wno-maybe-uninitialized conftest.c  -L. -L/tmp/d20171217-46-6dql5a/opt/zammad/vendor/ruby-2.4.1/lib -Wl,-R/tmp/d20171217-46-6dql5a/opt/zammad/vendor/ruby-2.4.1/lib -L. -fstack-protector -rdynamic -Wl,-export-dynamic     -Wl,-R/tmp/d20171217-46-6dql5a/opt/zammad/vendor/ruby-2.4.1/lib -lruby-static  -lpthread -ldl -lcrypt -lm   -lc"
checked program was:
/* begin */
 1: #include "ruby.h"
 2: 
 3: /*top*/
 4: extern int t(void);
 5: int main(int argc, char **argv)
 6: {
 7:   if (argc > 1000000) {
 8:     printf("%p", &t);
 9:   }
10: 
11:   return 0;
12: }
13: int t(void) { void ((*volatile p)()); p = (void ((*)()))rb_absint_size; return !p; }
/* end */

--------------------

have_func: checking for rb_absint_singlebit_p()... -------------------- yes

"gcc -o conftest -I/tmp/d20171217-46-6dql5a/opt/zammad/vendor/ruby-2.4.1/include/ruby-2.4.0/x86_64-linux -I/tmp/d20171217-46-6dql5a/opt/zammad/vendor/ruby-2.4.1/include/ruby-2.4.0/ruby/backward -I/tmp/d20171217-46-6dql5a/opt/zammad/vendor/ruby-2.4.1/include/ruby-2.4.0 -I.    -O3 -fno-fast-math -g -Wall -Wextra -Wno-unused-parameter -Wno-parentheses -Wno-long-long -Wno-missing-field-initializers -Wno-tautological-compare -Wno-parentheses-equality -Wno-constant-logical-operand -Wno-self-assign -Wunused-variable -Wimplicit-int -Wpointer-arith -Wwrite-strings -Wdeclaration-after-statement -Wimplicit-function-declaration -Wdeprecated-declarations -Wno-packed-bitfield-compat -Wsuggest-attribute=noreturn -Wsuggest-attribute=format -Wno-maybe-uninitialized conftest.c  -L. -L/tmp/d20171217-46-6dql5a/opt/zammad/vendor/ruby-2.4.1/lib -Wl,-R/tmp/d20171217-46-6dql5a/opt/zammad/vendor/ruby-2.4.1/lib -L. -fstack-protector -rdynamic -Wl,-export-dynamic     -Wl,-R/tmp/d20171217-46-6dql5a/opt/zammad/vendor/ruby-2.4.1/lib -lruby-static  -lpthread -ldl -lcrypt -lm   -lc"
checked program was:
/* begin */
 1: #include "ruby.h"
 2: 
 3: /*top*/
 4: extern int t(void);
 5: int main(int argc, char **argv)
 6: {
 7:   if (argc > 1000000) {
 8:     printf("%p", &t);
 9:   }
10: 
11:   return 0;
12: }
13: int t(void) { void ((*volatile p)()); p = (void ((*)()))rb_absint_singlebit_p; return !p; }
/* end */

--------------------

have_header: checking for ruby/thread.h... -------------------- yes

"gcc -E -I/tmp/d20171217-46-6dql5a/opt/zammad/vendor/ruby-2.4.1/include/ruby-2.4.0/x86_64-linux -I/tmp/d20171217-46-6dql5a/opt/zammad/vendor/ruby-2.4.1/include/ruby-2.4.0/ruby/backward -I/tmp/d20171217-46-6dql5a/opt/zammad/vendor/ruby-2.4.1/include/ruby-2.4.0 -I.    -O3 -fno-fast-math -g -Wall -Wextra -Wno-unused-parameter -Wno-parentheses -Wno-long-long -Wno-missing-field-initializers -Wno-tautological-compare -Wno-parentheses-equality -Wno-constant-logical-operand -Wno-self-assign -Wunused-variable -Wimplicit-int -Wpointer-arith -Wwrite-strings -Wdeclaration-after-statement -Wimplicit-function-declaration -Wdeprecated-declarations -Wno-packed-bitfield-compat -Wsuggest-attribute=noreturn -Wsuggest-attribute=format -Wno-maybe-uninitialized  conftest.c -o conftest.i"
checked program was:
/* begin */
1: #include "ruby.h"
2: 
3: #include <ruby/thread.h>
/* end */

--------------------

have_func: checking for rb_thread_call_without_gvl() in ruby/thread.h... -------------------- yes

"gcc -o conftest -I/tmp/d20171217-46-6dql5a/opt/zammad/vendor/ruby-2.4.1/include/ruby-2.4.0/x86_64-linux -I/tmp/d20171217-46-6dql5a/opt/zammad/vendor/ruby-2.4.1/include/ruby-2.4.0/ruby/backward -I/tmp/d20171217-46-6dql5a/opt/zammad/vendor/ruby-2.4.1/include/ruby-2.4.0 -I.    -O3 -fno-fast-math -g -Wall -Wextra -Wno-unused-parameter -Wno-parentheses -Wno-long-long -Wno-missing-field-initializers -Wno-tautological-compare -Wno-parentheses-equality -Wno-constant-logical-operand -Wno-self-assign -Wunused-variable -Wimplicit-int -Wpointer-arith -Wwrite-strings -Wdeclaration-after-statement -Wimplicit-function-declaration -Wdeprecated-declarations -Wno-packed-bitfield-compat -Wsuggest-attribute=noreturn -Wsuggest-attribute=format -Wno-maybe-uninitialized conftest.c  -L. -L/tmp/d20171217-46-6dql5a/opt/zammad/vendor/ruby-2.4.1/lib -Wl,-R/tmp/d20171217-46-6dql5a/opt/zammad/vendor/ruby-2.4.1/lib -L. -fstack-protector -rdynamic -Wl,-export-dynamic     -Wl,-R/tmp/d20171217-46-6dql5a/opt/zammad/vendor/ruby-2.4.1/lib -lruby-static  -lpthread -ldl -lcrypt -lm   -lc"
checked program was:
/* begin */
 1: #include "ruby.h"
 2: 
 3: #include <ruby/thread.h>
 4: 
 5: /*top*/
 6: extern int t(void);
 7: int main(int argc, char **argv)
 8: {
 9:   if (argc > 1000000) {
10:     printf("%p", &t);
11:   }
12: 
13:   return 0;
14: }
15: int t(void) { void ((*volatile p)()); p = (void ((*)()))rb_thread_call_without_gvl; return !p; }
/* end */

--------------------

have_func: checking for rb_thread_blocking_region()... -------------------- no

"gcc -o conftest -I/tmp/d20171217-46-6dql5a/opt/zammad/vendor/ruby-2.4.1/include/ruby-2.4.0/x86_64-linux -I/tmp/d20171217-46-6dql5a/opt/zammad/vendor/ruby-2.4.1/include/ruby-2.4.0/ruby/backward -I/tmp/d20171217-46-6dql5a/opt/zammad/vendor/ruby-2.4.1/include/ruby-2.4.0 -I.    -O3 -fno-fast-math -g -Wall -Wextra -Wno-unused-parameter -Wno-parentheses -Wno-long-long -Wno-missing-field-initializers -Wno-tautological-compare -Wno-parentheses-equality -Wno-constant-logical-operand -Wno-self-assign -Wunused-variable -Wimplicit-int -Wpointer-arith -Wwrite-strings -Wdeclaration-after-statement -Wimplicit-function-declaration -Wdeprecated-declarations -Wno-packed-bitfield-compat -Wsuggest-attribute=noreturn -Wsuggest-attribute=format -Wno-maybe-uninitialized conftest.c  -L. -L/tmp/d20171217-46-6dql5a/opt/zammad/vendor/ruby-2.4.1/lib -Wl,-R/tmp/d20171217-46-6dql5a/opt/zammad/vendor/ruby-2.4.1/lib -L. -fstack-protector -rdynamic -Wl,-export-dynamic     -Wl,-R/tmp/d20171217-46-6dql5a/opt/zammad/vendor/ruby-2.4.1/lib -lruby-static  -lpthread -ldl -lcrypt -lm   -lc"
conftest.c: In function ‘t’:
conftest.c:13:57: error: ‘rb_thread_blocking_region’ undeclared (first use in this function)
 int t(void) { void ((*volatile p)()); p = (void ((*)()))rb_thread_blocking_region; return !p; }
                                                         ^
conftest.c:13:57: note: each undeclared identifier is reported only once for each function it appears in
conftest.c: At top level:
cc1: warning: unrecognized command line option ‘-Wno-self-assign’
cc1: warning: unrecognized command line option ‘-Wno-constant-logical-operand’
cc1: warning: unrecognized command line option ‘-Wno-parentheses-equality’
cc1: warning: unrecognized command line option ‘-Wno-tautological-compare’
checked program was:
/* begin */
 1: #include "ruby.h"
 2: 
 3: /*top*/
 4: extern int t(void);
 5: int main(int argc, char **argv)
 6: {
 7:   if (argc > 1000000) {
 8:     printf("%p", &t);
 9:   }
10: 
11:   return 0;
12: }
13: int t(void) { void ((*volatile p)()); p = (void ((*)()))rb_thread_blocking_region; return !p; }
/* end */

"gcc -o conftest -I/tmp/d20171217-46-6dql5a/opt/zammad/vendor/ruby-2.4.1/include/ruby-2.4.0/x86_64-linux -I/tmp/d20171217-46-6dql5a/opt/zammad/vendor/ruby-2.4.1/include/ruby-2.4.0/ruby/backward -I/tmp/d20171217-46-6dql5a/opt/zammad/vendor/ruby-2.4.1/include/ruby-2.4.0 -I.    -O3 -fno-fast-math -g -Wall -Wextra -Wno-unused-parameter -Wno-parentheses -Wno-long-long -Wno-missing-field-initializers -Wno-tautological-compare -Wno-parentheses-equality -Wno-constant-logical-operand -Wno-self-assign -Wunused-variable -Wimplicit-int -Wpointer-arith -Wwrite-strings -Wdeclaration-after-statement -Wimplicit-function-declaration -Wdeprecated-declarations -Wno-packed-bitfield-compat -Wsuggest-attribute=noreturn -Wsuggest-attribute=format -Wno-maybe-uninitialized conftest.c  -L. -L/tmp/d20171217-46-6dql5a/opt/zammad/vendor/ruby-2.4.1/lib -Wl,-R/tmp/d20171217-46-6dql5a/opt/zammad/vendor/ruby-2.4.1/lib -L. -fstack-protector -rdynamic -Wl,-export-dynamic     -Wl,-R/tmp/d20171217-46-6dql5a/opt/zammad/vendor/ruby-2.4.1/lib -lruby-static  -lpthread -ldl -lcrypt -lm   -lc"
/tmp/ccJviOdk.o: In function `t':
/tmp/d20171217-46-6dql5a/opt/zammad/vendor/bundle/ruby/2.4.0/gems/mysql2-0.4.10/ext/mysql2/conftest.c:14: undefined reference to `rb_thread_blocking_region'
collect2: error: ld returned 1 exit status
checked program was:
/* begin */
 1: #include "ruby.h"
 2: 
 3: /*top*/
 4: extern int t(void);
 5: int main(int argc, char **argv)
 6: {
 7:   if (argc > 1000000) {
 8:     printf("%p", &t);
 9:   }
10: 
11:   return 0;
12: }
13: extern void rb_thread_blocking_region();
14: int t(void) { rb_thread_blocking_region(); return 0; }
/* end */

--------------------

have_func: checking for rb_wait_for_single_fd()... -------------------- yes

"gcc -o conftest -I/tmp/d20171217-46-6dql5a/opt/zammad/vendor/ruby-2.4.1/include/ruby-2.4.0/x86_64-linux -I/tmp/d20171217-46-6dql5a/opt/zammad/vendor/ruby-2.4.1/include/ruby-2.4.0/ruby/backward -I/tmp/d20171217-46-6dql5a/opt/zammad/vendor/ruby-2.4.1/include/ruby-2.4.0 -I.    -O3 -fno-fast-math -g -Wall -Wextra -Wno-unused-parameter -Wno-parentheses -Wno-long-long -Wno-missing-field-initializers -Wno-tautological-compare -Wno-parentheses-equality -Wno-constant-logical-operand -Wno-self-assign -Wunused-variable -Wimplicit-int -Wpointer-arith -Wwrite-strings -Wdeclaration-after-statement -Wimplicit-function-declaration -Wdeprecated-declarations -Wno-packed-bitfield-compat -Wsuggest-attribute=noreturn -Wsuggest-attribute=format -Wno-maybe-uninitialized conftest.c  -L. -L/tmp/d20171217-46-6dql5a/opt/zammad/vendor/ruby-2.4.1/lib -Wl,-R/tmp/d20171217-46-6dql5a/opt/zammad/vendor/ruby-2.4.1/lib -L. -fstack-protector -rdynamic -Wl,-export-dynamic     -Wl,-R/tmp/d20171217-46-6dql5a/opt/zammad/vendor/ruby-2.4.1/lib -lruby-static  -lpthread -ldl -lcrypt -lm   -lc"
conftest.c: In function ‘t’:
conftest.c:13:57: error: ‘rb_wait_for_single_fd’ undeclared (first use in this function)
 int t(void) { void ((*volatile p)()); p = (void ((*)()))rb_wait_for_single_fd; return !p; }
                                                         ^
conftest.c:13:57: note: each undeclared identifier is reported only once for each function it appears in
conftest.c: At top level:
cc1: warning: unrecognized command line option ‘-Wno-self-assign’
cc1: warning: unrecognized command line option ‘-Wno-constant-logical-operand’
cc1: warning: unrecognized command line option ‘-Wno-parentheses-equality’
cc1: warning: unrecognized command line option ‘-Wno-tautological-compare’
checked program was:
/* begin */
 1: #include "ruby.h"
 2: 
 3: /*top*/
 4: extern int t(void);
 5: int main(int argc, char **argv)
 6: {
 7:   if (argc > 1000000) {
 8:     printf("%p", &t);
 9:   }
10: 
11:   return 0;
12: }
13: int t(void) { void ((*volatile p)()); p = (void ((*)()))rb_wait_for_single_fd; return !p; }
/* end */

"gcc -o conftest -I/tmp/d20171217-46-6dql5a/opt/zammad/vendor/ruby-2.4.1/include/ruby-2.4.0/x86_64-linux -I/tmp/d20171217-46-6dql5a/opt/zammad/vendor/ruby-2.4.1/include/ruby-2.4.0/ruby/backward -I/tmp/d20171217-46-6dql5a/opt/zammad/vendor/ruby-2.4.1/include/ruby-2.4.0 -I.    -O3 -fno-fast-math -g -Wall -Wextra -Wno-unused-parameter -Wno-parentheses -Wno-long-long -Wno-missing-field-initializers -Wno-tautological-compare -Wno-parentheses-equality -Wno-constant-logical-operand -Wno-self-assign -Wunused-variable -Wimplicit-int -Wpointer-arith -Wwrite-strings -Wdeclaration-after-statement -Wimplicit-function-declaration -Wdeprecated-declarations -Wno-packed-bitfield-compat -Wsuggest-attribute=noreturn -Wsuggest-attribute=format -Wno-maybe-uninitialized conftest.c  -L. -L/tmp/d20171217-46-6dql5a/opt/zammad/vendor/ruby-2.4.1/lib -Wl,-R/tmp/d20171217-46-6dql5a/opt/zammad/vendor/ruby-2.4.1/lib -L. -fstack-protector -rdynamic -Wl,-export-dynamic     -Wl,-R/tmp/d20171217-46-6dql5a/opt/zammad/vendor/ruby-2.4.1/lib -lruby-static  -lpthread -ldl -lcrypt -lm   -lc"
checked program was:
/* begin */
 1: #include "ruby.h"
 2: 
 3: /*top*/
 4: extern int t(void);
 5: int main(int argc, char **argv)
 6: {
 7:   if (argc > 1000000) {
 8:     printf("%p", &t);
 9:   }
10: 
11:   return 0;
12: }
13: extern void rb_wait_for_single_fd();
14: int t(void) { rb_wait_for_single_fd(); return 0; }
/* end */

--------------------

have_func: checking for rb_hash_dup()... -------------------- yes

"gcc -o conftest -I/tmp/d20171217-46-6dql5a/opt/zammad/vendor/ruby-2.4.1/include/ruby-2.4.0/x86_64-linux -I/tmp/d20171217-46-6dql5a/opt/zammad/vendor/ruby-2.4.1/include/ruby-2.4.0/ruby/backward -I/tmp/d20171217-46-6dql5a/opt/zammad/vendor/ruby-2.4.1/include/ruby-2.4.0 -I.    -O3 -fno-fast-math -g -Wall -Wextra -Wno-unused-parameter -Wno-parentheses -Wno-long-long -Wno-missing-field-initializers -Wno-tautological-compare -Wno-parentheses-equality -Wno-constant-logical-operand -Wno-self-assign -Wunused-variable -Wimplicit-int -Wpointer-arith -Wwrite-strings -Wdeclaration-after-statement -Wimplicit-function-declaration -Wdeprecated-declarations -Wno-packed-bitfield-compat -Wsuggest-attribute=noreturn -Wsuggest-attribute=format -Wno-maybe-uninitialized conftest.c  -L. -L/tmp/d20171217-46-6dql5a/opt/zammad/vendor/ruby-2.4.1/lib -Wl,-R/tmp/d20171217-46-6dql5a/opt/zammad/vendor/ruby-2.4.1/lib -L. -fstack-protector -rdynamic -Wl,-export-dynamic     -Wl,-R/tmp/d20171217-46-6dql5a/opt/zammad/vendor/ruby-2.4.1/lib -lruby-static  -lpthread -ldl -lcrypt -lm   -lc"
checked program was:
/* begin */
 1: #include "ruby.h"
 2: 
 3: /*top*/
 4: extern int t(void);
 5: int main(int argc, char **argv)
 6: {
 7:   if (argc > 1000000) {
 8:     printf("%p", &t);
 9:   }
10: 
11:   return 0;
12: }
13: int t(void) { void ((*volatile p)()); p = (void ((*)()))rb_hash_dup; return !p; }
/* end */

--------------------

have_func: checking for rb_intern3()... -------------------- yes

"gcc -o conftest -I/tmp/d20171217-46-6dql5a/opt/zammad/vendor/ruby-2.4.1/include/ruby-2.4.0/x86_64-linux -I/tmp/d20171217-46-6dql5a/opt/zammad/vendor/ruby-2.4.1/include/ruby-2.4.0/ruby/backward -I/tmp/d20171217-46-6dql5a/opt/zammad/vendor/ruby-2.4.1/include/ruby-2.4.0 -I.    -O3 -fno-fast-math -g -Wall -Wextra -Wno-unused-parameter -Wno-parentheses -Wno-long-long -Wno-missing-field-initializers -Wno-tautological-compare -Wno-parentheses-equality -Wno-constant-logical-operand -Wno-self-assign -Wunused-variable -Wimplicit-int -Wpointer-arith -Wwrite-strings -Wdeclaration-after-statement -Wimplicit-function-declaration -Wdeprecated-declarations -Wno-packed-bitfield-compat -Wsuggest-attribute=noreturn -Wsuggest-attribute=format -Wno-maybe-uninitialized conftest.c  -L. -L/tmp/d20171217-46-6dql5a/opt/zammad/vendor/ruby-2.4.1/lib -Wl,-R/tmp/d20171217-46-6dql5a/opt/zammad/vendor/ruby-2.4.1/lib -L. -fstack-protector -rdynamic -Wl,-export-dynamic     -Wl,-R/tmp/d20171217-46-6dql5a/opt/zammad/vendor/ruby-2.4.1/lib -lruby-static  -lpthread -ldl -lcrypt -lm   -lc"
conftest.c: In function ‘t’:
conftest.c:13:57: error: ‘rb_intern3’ undeclared (first use in this function)
 int t(void) { void ((*volatile p)()); p = (void ((*)()))rb_intern3; return !p; }
                                                         ^
conftest.c:13:57: note: each undeclared identifier is reported only once for each function it appears in
conftest.c: At top level:
cc1: warning: unrecognized command line option ‘-Wno-self-assign’
cc1: warning: unrecognized command line option ‘-Wno-constant-logical-operand’
cc1: warning: unrecognized command line option ‘-Wno-parentheses-equality’
cc1: warning: unrecognized command line option ‘-Wno-tautological-compare’
checked program was:
/* begin */
 1: #include "ruby.h"
 2: 
 3: /*top*/
 4: extern int t(void);
 5: int main(int argc, char **argv)
 6: {
 7:   if (argc > 1000000) {
 8:     printf("%p", &t);
 9:   }
10: 
11:   return 0;
12: }
13: int t(void) { void ((*volatile p)()); p = (void ((*)()))rb_intern3; return !p; }
/* end */

"gcc -o conftest -I/tmp/d20171217-46-6dql5a/opt/zammad/vendor/ruby-2.4.1/include/ruby-2.4.0/x86_64-linux -I/tmp/d20171217-46-6dql5a/opt/zammad/vendor/ruby-2.4.1/include/ruby-2.4.0/ruby/backward -I/tmp/d20171217-46-6dql5a/opt/zammad/vendor/ruby-2.4.1/include/ruby-2.4.0 -I.    -O3 -fno-fast-math -g -Wall -Wextra -Wno-unused-parameter -Wno-parentheses -Wno-long-long -Wno-missing-field-initializers -Wno-tautological-compare -Wno-parentheses-equality -Wno-constant-logical-operand -Wno-self-assign -Wunused-variable -Wimplicit-int -Wpointer-arith -Wwrite-strings -Wdeclaration-after-statement -Wimplicit-function-declaration -Wdeprecated-declarations -Wno-packed-bitfield-compat -Wsuggest-attribute=noreturn -Wsuggest-attribute=format -Wno-maybe-uninitialized conftest.c  -L. -L/tmp/d20171217-46-6dql5a/opt/zammad/vendor/ruby-2.4.1/lib -Wl,-R/tmp/d20171217-46-6dql5a/opt/zammad/vendor/ruby-2.4.1/lib -L. -fstack-protector -rdynamic -Wl,-export-dynamic     -Wl,-R/tmp/d20171217-46-6dql5a/opt/zammad/vendor/ruby-2.4.1/lib -lruby-static  -lpthread -ldl -lcrypt -lm   -lc"
checked program was:
/* begin */
 1: #include "ruby.h"
 2: 
 3: /*top*/
 4: extern int t(void);
 5: int main(int argc, char **argv)
 6: {
 7:   if (argc > 1000000) {
 8:     printf("%p", &t);
 9:   }
10: 
11:   return 0;
12: }
13: extern void rb_intern3();
14: int t(void) { rb_intern3(); return 0; }
/* end */

--------------------

have_func: checking for rb_big_cmp()... -------------------- yes

"gcc -o conftest -I/tmp/d20171217-46-6dql5a/opt/zammad/vendor/ruby-2.4.1/include/ruby-2.4.0/x86_64-linux -I/tmp/d20171217-46-6dql5a/opt/zammad/vendor/ruby-2.4.1/include/ruby-2.4.0/ruby/backward -I/tmp/d20171217-46-6dql5a/opt/zammad/vendor/ruby-2.4.1/include/ruby-2.4.0 -I.    -O3 -fno-fast-math -g -Wall -Wextra -Wno-unused-parameter -Wno-parentheses -Wno-long-long -Wno-missing-field-initializers -Wno-tautological-compare -Wno-parentheses-equality -Wno-constant-logical-operand -Wno-self-assign -Wunused-variable -Wimplicit-int -Wpointer-arith -Wwrite-strings -Wdeclaration-after-statement -Wimplicit-function-declaration -Wdeprecated-declarations -Wno-packed-bitfield-compat -Wsuggest-attribute=noreturn -Wsuggest-attribute=format -Wno-maybe-uninitialized conftest.c  -L. -L/tmp/d20171217-46-6dql5a/opt/zammad/vendor/ruby-2.4.1/lib -Wl,-R/tmp/d20171217-46-6dql5a/opt/zammad/vendor/ruby-2.4.1/lib -L. -fstack-protector -rdynamic -Wl,-export-dynamic     -Wl,-R/tmp/d20171217-46-6dql5a/opt/zammad/vendor/ruby-2.4.1/lib -lruby-static  -lpthread -ldl -lcrypt -lm   -lc"
checked program was:
/* begin */
 1: #include "ruby.h"
 2: 
 3: /*top*/
 4: extern int t(void);
 5: int main(int argc, char **argv)
 6: {
 7:   if (argc > 1000000) {
 8:     printf("%p", &t);
 9:   }
10: 
11:   return 0;
12: }
13: int t(void) { void ((*volatile p)()); p = (void ((*)()))rb_big_cmp; return !p; }
/* end */

--------------------

have_header: checking for mysql.h... -------------------- yes

"gcc -E -I/tmp/d20171217-46-6dql5a/opt/zammad/vendor/ruby-2.4.1/include/ruby-2.4.0/x86_64-linux -I/tmp/d20171217-46-6dql5a/opt/zammad/vendor/ruby-2.4.1/include/ruby-2.4.0/ruby/backward -I/tmp/d20171217-46-6dql5a/opt/zammad/vendor/ruby-2.4.1/include/ruby-2.4.0 -I. -I/usr/include/mysql    -O3 -fno-fast-math -g -Wall -Wextra -Wno-unused-parameter -Wno-parentheses -Wno-long-long -Wno-missing-field-initializers -Wno-tautological-compare -Wno-parentheses-equality -Wno-constant-logical-operand -Wno-self-assign -Wunused-variable -Wimplicit-int -Wpointer-arith -Wwrite-strings -Wdeclaration-after-statement -Wimplicit-function-declaration -Wdeprecated-declarations -Wno-packed-bitfield-compat -Wsuggest-attribute=noreturn -Wsuggest-attribute=format -Wno-maybe-uninitialized  conftest.c -o conftest.i"
checked program was:
/* begin */
1: #include "ruby.h"
2: 
3: #include <mysql.h>
/* end */

--------------------

have_header: checking for errmsg.h... -------------------- yes

"gcc -E -I/tmp/d20171217-46-6dql5a/opt/zammad/vendor/ruby-2.4.1/include/ruby-2.4.0/x86_64-linux -I/tmp/d20171217-46-6dql5a/opt/zammad/vendor/ruby-2.4.1/include/ruby-2.4.0/ruby/backward -I/tmp/d20171217-46-6dql5a/opt/zammad/vendor/ruby-2.4.1/include/ruby-2.4.0 -I. -I/usr/include/mysql    -O3 -fno-fast-math -g -Wall -Wextra -Wno-unused-parameter -Wno-parentheses -Wno-long-long -Wno-missing-field-initializers -Wno-tautological-compare -Wno-parentheses-equality -Wno-constant-logical-operand -Wno-self-assign -Wunused-variable -Wimplicit-int -Wpointer-arith -Wwrite-strings -Wdeclaration-after-statement -Wimplicit-function-declaration -Wdeprecated-declarations -Wno-packed-bitfield-compat -Wsuggest-attribute=noreturn -Wsuggest-attribute=format -Wno-maybe-uninitialized  conftest.c -o conftest.i"
checked program was:
/* begin */
1: #include "ruby.h"
2: 
3: #include <errmsg.h>
/* end */

--------------------

have_const: checking for SSL_MODE_DISABLED in mysql.h... -------------------- yes

"gcc -I/tmp/d20171217-46-6dql5a/opt/zammad/vendor/ruby-2.4.1/include/ruby-2.4.0/x86_64-linux -I/tmp/d20171217-46-6dql5a/opt/zammad/vendor/ruby-2.4.1/include/ruby-2.4.0/ruby/backward -I/tmp/d20171217-46-6dql5a/opt/zammad/vendor/ruby-2.4.1/include/ruby-2.4.0 -I. -I/usr/include/mysql    -O3 -fno-fast-math -g -Wall -Wextra -Wno-unused-parameter -Wno-parentheses -Wno-long-long -Wno-missing-field-initializers -Wno-tautological-compare -Wno-parentheses-equality -Wno-constant-logical-operand -Wno-self-assign -Wunused-variable -Wimplicit-int -Wpointer-arith -Wwrite-strings -Wdeclaration-after-statement -Wimplicit-function-declaration -Wdeprecated-declarations -Wno-packed-bitfield-compat -Wsuggest-attribute=noreturn -Wsuggest-attribute=format -Wno-maybe-uninitialized   -c conftest.c"
checked program was:
/* begin */
1: #include "ruby.h"
2: 
3: #include <mysql.h>
4: 
5: /*top*/
6: typedef int conftest_type;
7: conftest_type conftestval = (int)SSL_MODE_DISABLED;
/* end */

--------------------

have_const: checking for SSL_MODE_PREFERRED in mysql.h... -------------------- yes

"gcc -I/tmp/d20171217-46-6dql5a/opt/zammad/vendor/ruby-2.4.1/include/ruby-2.4.0/x86_64-linux -I/tmp/d20171217-46-6dql5a/opt/zammad/vendor/ruby-2.4.1/include/ruby-2.4.0/ruby/backward -I/tmp/d20171217-46-6dql5a/opt/zammad/vendor/ruby-2.4.1/include/ruby-2.4.0 -I. -I/usr/include/mysql    -O3 -fno-fast-math -g -Wall -Wextra -Wno-unused-parameter -Wno-parentheses -Wno-long-long -Wno-missing-field-initializers -Wno-tautological-compare -Wno-parentheses-equality -Wno-constant-logical-operand -Wno-self-assign -Wunused-variable -Wimplicit-int -Wpointer-arith -Wwrite-strings -Wdeclaration-after-statement -Wimplicit-function-declaration -Wdeprecated-declarations -Wno-packed-bitfield-compat -Wsuggest-attribute=noreturn -Wsuggest-attribute=format -Wno-maybe-uninitialized   -c conftest.c"
checked program was:
/* begin */
1: #include "ruby.h"
2: 
3: #include <mysql.h>
4: 
5: /*top*/
6: typedef int conftest_type;
7: conftest_type conftestval = (int)SSL_MODE_PREFERRED;
/* end */

--------------------

have_const: checking for SSL_MODE_REQUIRED in mysql.h... -------------------- yes

"gcc -I/tmp/d20171217-46-6dql5a/opt/zammad/vendor/ruby-2.4.1/include/ruby-2.4.0/x86_64-linux -I/tmp/d20171217-46-6dql5a/opt/zammad/vendor/ruby-2.4.1/include/ruby-2.4.0/ruby/backward -I/tmp/d20171217-46-6dql5a/opt/zammad/vendor/ruby-2.4.1/include/ruby-2.4.0 -I. -I/usr/include/mysql    -O3 -fno-fast-math -g -Wall -Wextra -Wno-unused-parameter -Wno-parentheses -Wno-long-long -Wno-missing-field-initializers -Wno-tautological-compare -Wno-parentheses-equality -Wno-constant-logical-operand -Wno-self-assign -Wunused-variable -Wimplicit-int -Wpointer-arith -Wwrite-strings -Wdeclaration-after-statement -Wimplicit-function-declaration -Wdeprecated-declarations -Wno-packed-bitfield-compat -Wsuggest-attribute=noreturn -Wsuggest-attribute=format -Wno-maybe-uninitialized   -c conftest.c"
checked program was:
/* begin */
1: #include "ruby.h"
2: 
3: #include <mysql.h>
4: 
5: /*top*/
6: typedef int conftest_type;
7: conftest_type conftestval = (int)SSL_MODE_REQUIRED;
/* end */

--------------------

have_const: checking for SSL_MODE_VERIFY_CA in mysql.h... -------------------- yes

"gcc -I/tmp/d20171217-46-6dql5a/opt/zammad/vendor/ruby-2.4.1/include/ruby-2.4.0/x86_64-linux -I/tmp/d20171217-46-6dql5a/opt/zammad/vendor/ruby-2.4.1/include/ruby-2.4.0/ruby/backward -I/tmp/d20171217-46-6dql5a/opt/zammad/vendor/ruby-2.4.1/include/ruby-2.4.0 -I. -I/usr/include/mysql    -O3 -fno-fast-math -g -Wall -Wextra -Wno-unused-parameter -Wno-parentheses -Wno-long-long -Wno-missing-field-initializers -Wno-tautological-compare -Wno-parentheses-equality -Wno-constant-logical-operand -Wno-self-assign -Wunused-variable -Wimplicit-int -Wpointer-arith -Wwrite-strings -Wdeclaration-after-statement -Wimplicit-function-declaration -Wdeprecated-declarations -Wno-packed-bitfield-compat -Wsuggest-attribute=noreturn -Wsuggest-attribute=format -Wno-maybe-uninitialized   -c conftest.c"
checked program was:
/* begin */
1: #include "ruby.h"
2: 
3: #include <mysql.h>
4: 
5: /*top*/
6: typedef int conftest_type;
7: conftest_type conftestval = (int)SSL_MODE_VERIFY_CA;
/* end */

--------------------

have_const: checking for SSL_MODE_VERIFY_IDENTITY in mysql.h... -------------------- yes

"gcc -I/tmp/d20171217-46-6dql5a/opt/zammad/vendor/ruby-2.4.1/include/ruby-2.4.0/x86_64-linux -I/tmp/d20171217-46-6dql5a/opt/zammad/vendor/ruby-2.4.1/include/ruby-2.4.0/ruby/backward -I/tmp/d20171217-46-6dql5a/opt/zammad/vendor/ruby-2.4.1/include/ruby-2.4.0 -I. -I/usr/include/mysql    -O3 -fno-fast-math -g -Wall -Wextra -Wno-unused-parameter -Wno-parentheses -Wno-long-long -Wno-missing-field-initializers -Wno-tautological-compare -Wno-parentheses-equality -Wno-constant-logical-operand -Wno-self-assign -Wunused-variable -Wimplicit-int -Wpointer-arith -Wwrite-strings -Wdeclaration-after-statement -Wimplicit-function-declaration -Wdeprecated-declarations -Wno-packed-bitfield-compat -Wsuggest-attribute=noreturn -Wsuggest-attribute=format -Wno-maybe-uninitialized   -c conftest.c"
checked program was:
/* begin */
1: #include "ruby.h"
2: 
3: #include <mysql.h>
4: 
5: /*top*/
6: typedef int conftest_type;
7: conftest_type conftestval = (int)SSL_MODE_VERIFY_IDENTITY;
/* end */

--------------------

have_struct_member: checking for MYSQL.net.vio in mysql.h... -------------------- yes

"gcc -I/tmp/d20171217-46-6dql5a/opt/zammad/vendor/ruby-2.4.1/include/ruby-2.4.0/x86_64-linux -I/tmp/d20171217-46-6dql5a/opt/zammad/vendor/ruby-2.4.1/include/ruby-2.4.0/ruby/backward -I/tmp/d20171217-46-6dql5a/opt/zammad/vendor/ruby-2.4.1/include/ruby-2.4.0 -I. -I/usr/include/mysql    -O3 -fno-fast-math -g -Wall -Wextra -Wno-unused-parameter -Wno-parentheses -Wno-long-long -Wno-missing-field-initializers -Wno-tautological-compare -Wno-parentheses-equality -Wno-constant-logical-operand -Wno-self-assign -Wunused-variable -Wimplicit-int -Wpointer-arith -Wwrite-strings -Wdeclaration-after-statement -Wimplicit-function-declaration -Wdeprecated-declarations -Wno-packed-bitfield-compat -Wsuggest-attribute=noreturn -Wsuggest-attribute=format -Wno-maybe-uninitialized -DFULL_SSL_MODE_SUPPORT   -c conftest.c"
checked program was:
/* begin */
 1: #include "ruby.h"
 2: 
 3: #include <mysql.h>
 4: 
 5: /*top*/
 6: int s = (char *)&((MYSQL*)0)->net.vio - (char *)0;
 7: int main(int argc, char **argv)
 8: {
 9:   return 0;
10: }
/* end */

--------------------

have_struct_member: checking for MYSQL.net.pvio in mysql.h... -------------------- no

"gcc -I/tmp/d20171217-46-6dql5a/opt/zammad/vendor/ruby-2.4.1/include/ruby-2.4.0/x86_64-linux -I/tmp/d20171217-46-6dql5a/opt/zammad/vendor/ruby-2.4.1/include/ruby-2.4.0/ruby/backward -I/tmp/d20171217-46-6dql5a/opt/zammad/vendor/ruby-2.4.1/include/ruby-2.4.0 -I. -I/usr/include/mysql    -O3 -fno-fast-math -g -Wall -Wextra -Wno-unused-parameter -Wno-parentheses -Wno-long-long -Wno-missing-field-initializers -Wno-tautological-compare -Wno-parentheses-equality -Wno-constant-logical-operand -Wno-self-assign -Wunused-variable -Wimplicit-int -Wpointer-arith -Wwrite-strings -Wdeclaration-after-statement -Wimplicit-function-declaration -Wdeprecated-declarations -Wno-packed-bitfield-compat -Wsuggest-attribute=noreturn -Wsuggest-attribute=format -Wno-maybe-uninitialized -DFULL_SSL_MODE_SUPPORT   -c conftest.c"
conftest.c:6:34: error: ‘NET {aka struct st_net}’ has no member named ‘pvio’
 int s = (char *)&((MYSQL*)0)->net.pvio - (char *)0;
                                  ^
cc1: warning: unrecognized command line option ‘-Wno-self-assign’
cc1: warning: unrecognized command line option ‘-Wno-constant-logical-operand’
cc1: warning: unrecognized command line option ‘-Wno-parentheses-equality’
cc1: warning: unrecognized command line option ‘-Wno-tautological-compare’
checked program was:
/* begin */
 1: #include "ruby.h"
 2: 
 3: #include <mysql.h>
 4: 
 5: /*top*/
 6: int s = (char *)&((MYSQL*)0)->net.pvio - (char *)0;
 7: int main(int argc, char **argv)
 8: {
 9:   return 0;
10: }
/* end */

--------------------

have_const: checking for MYSQL_ENABLE_CLEARTEXT_PLUGIN in mysql.h... -------------------- yes

"gcc -I/tmp/d20171217-46-6dql5a/opt/zammad/vendor/ruby-2.4.1/include/ruby-2.4.0/x86_64-linux -I/tmp/d20171217-46-6dql5a/opt/zammad/vendor/ruby-2.4.1/include/ruby-2.4.0/ruby/backward -I/tmp/d20171217-46-6dql5a/opt/zammad/vendor/ruby-2.4.1/include/ruby-2.4.0 -I. -I/usr/include/mysql    -O3 -fno-fast-math -g -Wall -Wextra -Wno-unused-parameter -Wno-parentheses -Wno-long-long -Wno-missing-field-initializers -Wno-tautological-compare -Wno-parentheses-equality -Wno-constant-logical-operand -Wno-self-assign -Wunused-variable -Wimplicit-int -Wpointer-arith -Wwrite-strings -Wdeclaration-after-statement -Wimplicit-function-declaration -Wdeprecated-declarations -Wno-packed-bitfield-compat -Wsuggest-attribute=noreturn -Wsuggest-attribute=format -Wno-maybe-uninitialized -DFULL_SSL_MODE_SUPPORT   -c conftest.c"
checked program was:
/* begin */
1: #include "ruby.h"
2: 
3: #include <mysql.h>
4: 
5: /*top*/
6: typedef int conftest_type;
7: conftest_type conftestval = (int)MYSQL_ENABLE_CLEARTEXT_PLUGIN;
/* end */

--------------------

"gcc -o conftest -I/tmp/d20171217-46-6dql5a/opt/zammad/vendor/ruby-2.4.1/include/ruby-2.4.0/x86_64-linux -I/tmp/d20171217-46-6dql5a/opt/zammad/vendor/ruby-2.4.1/include/ruby-2.4.0/ruby/backward -I/tmp/d20171217-46-6dql5a/opt/zammad/vendor/ruby-2.4.1/include/ruby-2.4.0 -I. -I/usr/include/mysql    -O3 -fno-fast-math -g -Wall -Wextra -Wno-unused-parameter -Wno-parentheses -Wno-long-long -Wno-missing-field-initializers -Wno-tautological-compare -Wno-parentheses-equality -Wno-constant-logical-operand -Wno-self-assign -Wunused-variable -Wimplicit-int -Wpointer-arith -Wwrite-strings -Wdeclaration-after-statement -Wimplicit-function-declaration -Wdeprecated-declarations -Wno-packed-bitfield-compat -Wsuggest-attribute=noreturn -Wsuggest-attribute=format -Wno-maybe-uninitialized -DFULL_SSL_MODE_SUPPORT conftest.c  -L. -L/tmp/d20171217-46-6dql5a/opt/zammad/vendor/ruby-2.4.1/lib -Wl,-R/tmp/d20171217-46-6dql5a/opt/zammad/vendor/ruby-2.4.1/lib -L. -fstack-protector -rdynamic -Wl,-export-dynamic    -L/usr/lib/x86_64-linux-gnu -lmysqlclient -lpthread -lz -lm -lrt -ldl  -Wl,-R/tmp/d20171217-46-6dql5a/opt/zammad/vendor/ruby-2.4.1/lib -lruby-static -Werror -Weverything -lpthread -ldl -lcrypt -lm   -lc"
gcc: error: unrecognized command line option ‘-Weverything’
checked program was:
/* begin */
1: #include "ruby.h"
2: 
3: int main() {return 0;}
/* end */

"gcc -o conftest -I/tmp/d20171217-46-6dql5a/opt/zammad/vendor/ruby-2.4.1/include/ruby-2.4.0/x86_64-linux -I/tmp/d20171217-46-6dql5a/opt/zammad/vendor/ruby-2.4.1/include/ruby-2.4.0/ruby/backward -I/tmp/d20171217-46-6dql5a/opt/zammad/vendor/ruby-2.4.1/include/ruby-2.4.0 -I. -I/usr/include/mysql    -O3 -fno-fast-math -g -Wall -Wextra -Wno-unused-parameter -Wno-parentheses -Wno-long-long -Wno-missing-field-initializers -Wno-tautological-compare -Wno-parentheses-equality -Wno-constant-logical-operand -Wno-self-assign -Wunused-variable -Wimplicit-int -Wpointer-arith -Wwrite-strings -Wdeclaration-after-statement -Wimplicit-function-declaration -Wdeprecated-declarations -Wno-packed-bitfield-compat -Wsuggest-attribute=noreturn -Wsuggest-attribute=format -Wno-maybe-uninitialized -DFULL_SSL_MODE_SUPPORT conftest.c  -L. -L/tmp/d20171217-46-6dql5a/opt/zammad/vendor/ruby-2.4.1/lib -Wl,-R/tmp/d20171217-46-6dql5a/opt/zammad/vendor/ruby-2.4.1/lib -L. -fstack-protector -rdynamic -Wl,-export-dynamic    -L/usr/lib/x86_64-linux-gnu -lmysqlclient -lpthread -lz -lm -lrt -ldl  -Wl,-R/tmp/d20171217-46-6dql5a/opt/zammad/vendor/ruby-2.4.1/lib -lruby-static -Werror -Wno-bad-function-cast -lpthread -ldl -lcrypt -lm   -lc"
checked program was:
/* begin */
1: #include "ruby.h"
2: 
3: int main() {return 0;}
/* end */

"gcc -o conftest -I/tmp/d20171217-46-6dql5a/opt/zammad/vendor/ruby-2.4.1/include/ruby-2.4.0/x86_64-linux -I/tmp/d20171217-46-6dql5a/opt/zammad/vendor/ruby-2.4.1/include/ruby-2.4.0/ruby/backward -I/tmp/d20171217-46-6dql5a/opt/zammad/vendor/ruby-2.4.1/include/ruby-2.4.0 -I. -I/usr/include/mysql    -O3 -fno-fast-math -g -Wall -Wextra -Wno-unused-parameter -Wno-parentheses -Wno-long-long -Wno-missing-field-initializers -Wno-tautological-compare -Wno-parentheses-equality -Wno-constant-logical-operand -Wno-self-assign -Wunused-variable -Wimplicit-int -Wpointer-arith -Wwrite-strings -Wdeclaration-after-statement -Wimplicit-function-declaration -Wdeprecated-declarations -Wno-packed-bitfield-compat -Wsuggest-attribute=noreturn -Wsuggest-attribute=format -Wno-maybe-uninitialized -DFULL_SSL_MODE_SUPPORT conftest.c  -L. -L/tmp/d20171217-46-6dql5a/opt/zammad/vendor/ruby-2.4.1/lib -Wl,-R/tmp/d20171217-46-6dql5a/opt/zammad/vendor/ruby-2.4.1/lib -L. -fstack-protector -rdynamic -Wl,-export-dynamic    -L/usr/lib/x86_64-linux-gnu -lmysqlclient -lpthread -lz -lm -lrt -ldl  -Wl,-R/tmp/d20171217-46-6dql5a/opt/zammad/vendor/ruby-2.4.1/lib -lruby-static -Werror -Wno-conditional-uninitialized -lpthread -ldl -lcrypt -lm   -lc"
checked program was:
/* begin */
1: #include "ruby.h"
2: 
3: int main() {return 0;}
/* end */

"gcc -o conftest -I/tmp/d20171217-46-6dql5a/opt/zammad/vendor/ruby-2.4.1/include/ruby-2.4.0/x86_64-linux -I/tmp/d20171217-46-6dql5a/opt/zammad/vendor/ruby-2.4.1/include/ruby-2.4.0/ruby/backward -I/tmp/d20171217-46-6dql5a/opt/zammad/vendor/ruby-2.4.1/include/ruby-2.4.0 -I. -I/usr/include/mysql    -O3 -fno-fast-math -g -Wall -Wextra -Wno-unused-parameter -Wno-parentheses -Wno-long-long -Wno-missing-field-initializers -Wno-tautological-compare -Wno-parentheses-equality -Wno-constant-logical-operand -Wno-self-assign -Wunused-variable -Wimplicit-int -Wpointer-arith -Wwrite-strings -Wdeclaration-after-statement -Wimplicit-function-declaration -Wdeprecated-declarations -Wno-packed-bitfield-compat -Wsuggest-attribute=noreturn -Wsuggest-attribute=format -Wno-maybe-uninitialized -DFULL_SSL_MODE_SUPPORT conftest.c  -L. -L/tmp/d20171217-46-6dql5a/opt/zammad/vendor/ruby-2.4.1/lib -Wl,-R/tmp/d20171217-46-6dql5a/opt/zammad/vendor/ruby-2.4.1/lib -L. -fstack-protector -rdynamic -Wl,-export-dynamic    -L/usr/lib/x86_64-linux-gnu -lmysqlclient -lpthread -lz -lm -lrt -ldl  -Wl,-R/tmp/d20171217-46-6dql5a/opt/zammad/vendor/ruby-2.4.1/lib -lruby-static -Werror -Wno-covered-switch-default -lpthread -ldl -lcrypt -lm   -lc"
checked program was:
/* begin */
1: #include "ruby.h"
2: 
3: int main() {return 0;}
/* end */

"gcc -o conftest -I/tmp/d20171217-46-6dql5a/opt/zammad/vendor/ruby-2.4.1/include/ruby-2.4.0/x86_64-linux -I/tmp/d20171217-46-6dql5a/opt/zammad/vendor/ruby-2.4.1/include/ruby-2.4.0/ruby/backward -I/tmp/d20171217-46-6dql5a/opt/zammad/vendor/ruby-2.4.1/include/ruby-2.4.0 -I. -I/usr/include/mysql    -O3 -fno-fast-math -g -Wall -Wextra -Wno-unused-parameter -Wno-parentheses -Wno-long-long -Wno-missing-field-initializers -Wno-tautological-compare -Wno-parentheses-equality -Wno-constant-logical-operand -Wno-self-assign -Wunused-variable -Wimplicit-int -Wpointer-arith -Wwrite-strings -Wdeclaration-after-statement -Wimplicit-function-declaration -Wdeprecated-declarations -Wno-packed-bitfield-compat -Wsuggest-attribute=noreturn -Wsuggest-attribute=format -Wno-maybe-uninitialized -DFULL_SSL_MODE_SUPPORT conftest.c  -L. -L/tmp/d20171217-46-6dql5a/opt/zammad/vendor/ruby-2.4.1/lib -Wl,-R/tmp/d20171217-46-6dql5a/opt/zammad/vendor/ruby-2.4.1/lib -L. -fstack-protector -rdynamic -Wl,-export-dynamic    -L/usr/lib/x86_64-linux-gnu -lmysqlclient -lpthread -lz -lm -lrt -ldl  -Wl,-R/tmp/d20171217-46-6dql5a/opt/zammad/vendor/ruby-2.4.1/lib -lruby-static -Werror -Wno-declaration-after-statement -lpthread -ldl -lcrypt -lm   -lc"
checked program was:
/* begin */
1: #include "ruby.h"
2: 
3: int main() {return 0;}
/* end */

"gcc -o conftest -I/tmp/d20171217-46-6dql5a/opt/zammad/vendor/ruby-2.4.1/include/ruby-2.4.0/x86_64-linux -I/tmp/d20171217-46-6dql5a/opt/zammad/vendor/ruby-2.4.1/include/ruby-2.4.0/ruby/backward -I/tmp/d20171217-46-6dql5a/opt/zammad/vendor/ruby-2.4.1/include/ruby-2.4.0 -I. -I/usr/include/mysql    -O3 -fno-fast-math -g -Wall -Wextra -Wno-unused-parameter -Wno-parentheses -Wno-long-long -Wno-missing-field-initializers -Wno-tautological-compare -Wno-parentheses-equality -Wno-constant-logical-operand -Wno-self-assign -Wunused-variable -Wimplicit-int -Wpointer-arith -Wwrite-strings -Wdeclaration-after-statement -Wimplicit-function-declaration -Wdeprecated-declarations -Wno-packed-bitfield-compat -Wsuggest-attribute=noreturn -Wsuggest-attribute=format -Wno-maybe-uninitialized -DFULL_SSL_MODE_SUPPORT conftest.c  -L. -L/tmp/d20171217-46-6dql5a/opt/zammad/vendor/ruby-2.4.1/lib -Wl,-R/tmp/d20171217-46-6dql5a/opt/zammad/vendor/ruby-2.4.1/lib -L. -fstack-protector -rdynamic -Wl,-export-dynamic    -L/usr/lib/x86_64-linux-gnu -lmysqlclient -lpthread -lz -lm -lrt -ldl  -Wl,-R/tmp/d20171217-46-6dql5a/opt/zammad/vendor/ruby-2.4.1/lib -lruby-static -Werror -Wno-disabled-macro-expansion -lpthread -ldl -lcrypt -lm   -lc"
checked program was:
/* begin */
1: #include "ruby.h"
2: 
3: int main() {return 0;}
/* end */

"gcc -o conftest -I/tmp/d20171217-46-6dql5a/opt/zammad/vendor/ruby-2.4.1/include/ruby-2.4.0/x86_64-linux -I/tmp/d20171217-46-6dql5a/opt/zammad/vendor/ruby-2.4.1/include/ruby-2.4.0/ruby/backward -I/tmp/d20171217-46-6dql5a/opt/zammad/vendor/ruby-2.4.1/include/ruby-2.4.0 -I. -I/usr/include/mysql    -O3 -fno-fast-math -g -Wall -Wextra -Wno-unused-parameter -Wno-parentheses -Wno-long-long -Wno-missing-field-initializers -Wno-tautological-compare -Wno-parentheses-equality -Wno-constant-logical-operand -Wno-self-assign -Wunused-variable -Wimplicit-int -Wpointer-arith -Wwrite-strings -Wdeclaration-after-statement -Wimplicit-function-declaration -Wdeprecated-declarations -Wno-packed-bitfield-compat -Wsuggest-attribute=noreturn -Wsuggest-attribute=format -Wno-maybe-uninitialized -DFULL_SSL_MODE_SUPPORT conftest.c  -L. -L/tmp/d20171217-46-6dql5a/opt/zammad/vendor/ruby-2.4.1/lib -Wl,-R/tmp/d20171217-46-6dql5a/opt/zammad/vendor/ruby-2.4.1/lib -L. -fstack-protector -rdynamic -Wl,-export-dynamic    -L/usr/lib/x86_64-linux-gnu -lmysqlclient -lpthread -lz -lm -lrt -ldl  -Wl,-R/tmp/d20171217-46-6dql5a/opt/zammad/vendor/ruby-2.4.1/lib -lruby-static -Werror -Wno-documentation-unknown-command -lpthread -ldl -lcrypt -lm   -lc"
checked program was:
/* begin */
1: #include "ruby.h"
2: 
3: int main() {return 0;}
/* end */

"gcc -o conftest -I/tmp/d20171217-46-6dql5a/opt/zammad/vendor/ruby-2.4.1/include/ruby-2.4.0/x86_64-linux -I/tmp/d20171217-46-6dql5a/opt/zammad/vendor/ruby-2.4.1/include/ruby-2.4.0/ruby/backward -I/tmp/d20171217-46-6dql5a/opt/zammad/vendor/ruby-2.4.1/include/ruby-2.4.0 -I. -I/usr/include/mysql    -O3 -fno-fast-math -g -Wall -Wextra -Wno-unused-parameter -Wno-parentheses -Wno-long-long -Wno-missing-field-initializers -Wno-tautological-compare -Wno-parentheses-equality -Wno-constant-logical-operand -Wno-self-assign -Wunused-variable -Wimplicit-int -Wpointer-arith -Wwrite-strings -Wdeclaration-after-statement -Wimplicit-function-declaration -Wdeprecated-declarations -Wno-packed-bitfield-compat -Wsuggest-attribute=noreturn -Wsuggest-attribute=format -Wno-maybe-uninitialized -DFULL_SSL_MODE_SUPPORT conftest.c  -L. -L/tmp/d20171217-46-6dql5a/opt/zammad/vendor/ruby-2.4.1/lib -Wl,-R/tmp/d20171217-46-6dql5a/opt/zammad/vendor/ruby-2.4.1/lib -L. -fstack-protector -rdynamic -Wl,-export-dynamic    -L/usr/lib/x86_64-linux-gnu -lmysqlclient -lpthread -lz -lm -lrt -ldl  -Wl,-R/tmp/d20171217-46-6dql5a/opt/zammad/vendor/ruby-2.4.1/lib -lruby-static -Werror -Wno-missing-field-initializers -lpthread -ldl -lcrypt -lm   -lc"
checked program was:
/* begin */
1: #include "ruby.h"
2: 
3: int main() {return 0;}
/* end */

"gcc -o conftest -I/tmp/d20171217-46-6dql5a/opt/zammad/vendor/ruby-2.4.1/include/ruby-2.4.0/x86_64-linux -I/tmp/d20171217-46-6dql5a/opt/zammad/vendor/ruby-2.4.1/include/ruby-2.4.0/ruby/backward -I/tmp/d20171217-46-6dql5a/opt/zammad/vendor/ruby-2.4.1/include/ruby-2.4.0 -I. -I/usr/include/mysql    -O3 -fno-fast-math -g -Wall -Wextra -Wno-unused-parameter -Wno-parentheses -Wno-long-long -Wno-missing-field-initializers -Wno-tautological-compare -Wno-parentheses-equality -Wno-constant-logical-operand -Wno-self-assign -Wunused-variable -Wimplicit-int -Wpointer-arith -Wwrite-strings -Wdeclaration-after-statement -Wimplicit-function-declaration -Wdeprecated-declarations -Wno-packed-bitfield-compat -Wsuggest-attribute=noreturn -Wsuggest-attribute=format -Wno-maybe-uninitialized -DFULL_SSL_MODE_SUPPORT conftest.c  -L. -L/tmp/d20171217-46-6dql5a/opt/zammad/vendor/ruby-2.4.1/lib -Wl,-R/tmp/d20171217-46-6dql5a/opt/zammad/vendor/ruby-2.4.1/lib -L. -fstack-protector -rdynamic -Wl,-export-dynamic    -L/usr/lib/x86_64-linux-gnu -lmysqlclient -lpthread -lz -lm -lrt -ldl  -Wl,-R/tmp/d20171217-46-6dql5a/opt/zammad/vendor/ruby-2.4.1/lib -lruby-static -Werror -Wno-missing-variable-declarations -lpthread -ldl -lcrypt -lm   -lc"
checked program was:
/* begin */
1: #include "ruby.h"
2: 
3: int main() {return 0;}
/* end */

"gcc -o conftest -I/tmp/d20171217-46-6dql5a/opt/zammad/vendor/ruby-2.4.1/include/ruby-2.4.0/x86_64-linux -I/tmp/d20171217-46-6dql5a/opt/zammad/vendor/ruby-2.4.1/include/ruby-2.4.0/ruby/backward -I/tmp/d20171217-46-6dql5a/opt/zammad/vendor/ruby-2.4.1/include/ruby-2.4.0 -I. -I/usr/include/mysql    -O3 -fno-fast-math -g -Wall -Wextra -Wno-unused-parameter -Wno-parentheses -Wno-long-long -Wno-missing-field-initializers -Wno-tautological-compare -Wno-parentheses-equality -Wno-constant-logical-operand -Wno-self-assign -Wunused-variable -Wimplicit-int -Wpointer-arith -Wwrite-strings -Wdeclaration-after-statement -Wimplicit-function-declaration -Wdeprecated-declarations -Wno-packed-bitfield-compat -Wsuggest-attribute=noreturn -Wsuggest-attribute=format -Wno-maybe-uninitialized -DFULL_SSL_MODE_SUPPORT conftest.c  -L. -L/tmp/d20171217-46-6dql5a/opt/zammad/vendor/ruby-2.4.1/lib -Wl,-R/tmp/d20171217-46-6dql5a/opt/zammad/vendor/ruby-2.4.1/lib -L. -fstack-protector -rdynamic -Wl,-export-dynamic    -L/usr/lib/x86_64-linux-gnu -lmysqlclient -lpthread -lz -lm -lrt -ldl  -Wl,-R/tmp/d20171217-46-6dql5a/opt/zammad/vendor/ruby-2.4.1/lib -lruby-static -Werror -Wno-padded -lpthread -ldl -lcrypt -lm   -lc"
checked program was:
/* begin */
1: #include "ruby.h"
2: 
3: int main() {return 0;}
/* end */

"gcc -o conftest -I/tmp/d20171217-46-6dql5a/opt/zammad/vendor/ruby-2.4.1/include/ruby-2.4.0/x86_64-linux -I/tmp/d20171217-46-6dql5a/opt/zammad/vendor/ruby-2.4.1/include/ruby-2.4.0/ruby/backward -I/tmp/d20171217-46-6dql5a/opt/zammad/vendor/ruby-2.4.1/include/ruby-2.4.0 -I. -I/usr/include/mysql    -O3 -fno-fast-math -g -Wall -Wextra -Wno-unused-parameter -Wno-parentheses -Wno-long-long -Wno-missing-field-initializers -Wno-tautological-compare -Wno-parentheses-equality -Wno-constant-logical-operand -Wno-self-assign -Wunused-variable -Wimplicit-int -Wpointer-arith -Wwrite-strings -Wdeclaration-after-statement -Wimplicit-function-declaration -Wdeprecated-declarations -Wno-packed-bitfield-compat -Wsuggest-attribute=noreturn -Wsuggest-attribute=format -Wno-maybe-uninitialized -DFULL_SSL_MODE_SUPPORT conftest.c  -L. -L/tmp/d20171217-46-6dql5a/opt/zammad/vendor/ruby-2.4.1/lib -Wl,-R/tmp/d20171217-46-6dql5a/opt/zammad/vendor/ruby-2.4.1/lib -L. -fstack-protector -rdynamic -Wl,-export-dynamic    -L/usr/lib/x86_64-linux-gnu -lmysqlclient -lpthread -lz -lm -lrt -ldl  -Wl,-R/tmp/d20171217-46-6dql5a/opt/zammad/vendor/ruby-2.4.1/lib -lruby-static -Werror -Wno-reserved-id-macro -lpthread -ldl -lcrypt -lm   -lc"
checked program was:
/* begin */
1: #include "ruby.h"
2: 
3: int main() {return 0;}
/* end */

"gcc -o conftest -I/tmp/d20171217-46-6dql5a/opt/zammad/vendor/ruby-2.4.1/include/ruby-2.4.0/x86_64-linux -I/tmp/d20171217-46-6dql5a/opt/zammad/vendor/ruby-2.4.1/include/ruby-2.4.0/ruby/backward -I/tmp/d20171217-46-6dql5a/opt/zammad/vendor/ruby-2.4.1/include/ruby-2.4.0 -I. -I/usr/include/mysql    -O3 -fno-fast-math -g -Wall -Wextra -Wno-unused-parameter -Wno-parentheses -Wno-long-long -Wno-missing-field-initializers -Wno-tautological-compare -Wno-parentheses-equality -Wno-constant-logical-operand -Wno-self-assign -Wunused-variable -Wimplicit-int -Wpointer-arith -Wwrite-strings -Wdeclaration-after-statement -Wimplicit-function-declaration -Wdeprecated-declarations -Wno-packed-bitfield-compat -Wsuggest-attribute=noreturn -Wsuggest-attribute=format -Wno-maybe-uninitialized -DFULL_SSL_MODE_SUPPORT conftest.c  -L. -L/tmp/d20171217-46-6dql5a/opt/zammad/vendor/ruby-2.4.1/lib -Wl,-R/tmp/d20171217-46-6dql5a/opt/zammad/vendor/ruby-2.4.1/lib -L. -fstack-protector -rdynamic -Wl,-export-dynamic    -L/usr/lib/x86_64-linux-gnu -lmysqlclient -lpthread -lz -lm -lrt -ldl  -Wl,-R/tmp/d20171217-46-6dql5a/opt/zammad/vendor/ruby-2.4.1/lib -lruby-static -Werror -Wno-sign-conversion -lpthread -ldl -lcrypt -lm   -lc"
checked program was:
/* begin */
1: #include "ruby.h"
2: 
3: int main() {return 0;}
/* end */

"gcc -o conftest -I/tmp/d20171217-46-6dql5a/opt/zammad/vendor/ruby-2.4.1/include/ruby-2.4.0/x86_64-linux -I/tmp/d20171217-46-6dql5a/opt/zammad/vendor/ruby-2.4.1/include/ruby-2.4.0/ruby/backward -I/tmp/d20171217-46-6dql5a/opt/zammad/vendor/ruby-2.4.1/include/ruby-2.4.0 -I. -I/usr/include/mysql    -O3 -fno-fast-math -g -Wall -Wextra -Wno-unused-parameter -Wno-parentheses -Wno-long-long -Wno-missing-field-initializers -Wno-tautological-compare -Wno-parentheses-equality -Wno-constant-logical-operand -Wno-self-assign -Wunused-variable -Wimplicit-int -Wpointer-arith -Wwrite-strings -Wdeclaration-after-statement -Wimplicit-function-declaration -Wdeprecated-declarations -Wno-packed-bitfield-compat -Wsuggest-attribute=noreturn -Wsuggest-attribute=format -Wno-maybe-uninitialized -DFULL_SSL_MODE_SUPPORT conftest.c  -L. -L/tmp/d20171217-46-6dql5a/opt/zammad/vendor/ruby-2.4.1/lib -Wl,-R/tmp/d20171217-46-6dql5a/opt/zammad/vendor/ruby-2.4.1/lib -L. -fstack-protector -rdynamic -Wl,-export-dynamic    -L/usr/lib/x86_64-linux-gnu -lmysqlclient -lpthread -lz -lm -lrt -ldl  -Wl,-R/tmp/d20171217-46-6dql5a/opt/zammad/vendor/ruby-2.4.1/lib -lruby-static -Werror -Wno-static-in-inline -lpthread -ldl -lcrypt -lm   -lc"
checked program was:
/* begin */
1: #include "ruby.h"
2: 
3: int main() {return 0;}
/* end */

"gcc -o conftest -I/tmp/d20171217-46-6dql5a/opt/zammad/vendor/ruby-2.4.1/include/ruby-2.4.0/x86_64-linux -I/tmp/d20171217-46-6dql5a/opt/zammad/vendor/ruby-2.4.1/include/ruby-2.4.0/ruby/backward -I/tmp/d20171217-46-6dql5a/opt/zammad/vendor/ruby-2.4.1/include/ruby-2.4.0 -I. -I/usr/include/mysql    -O3 -fno-fast-math -g -Wall -Wextra -Wno-unused-parameter -Wno-parentheses -Wno-long-long -Wno-missing-field-initializers -Wno-tautological-compare -Wno-parentheses-equality -Wno-constant-logical-operand -Wno-self-assign -Wunused-variable -Wimplicit-int -Wpointer-arith -Wwrite-strings -Wdeclaration-after-statement -Wimplicit-function-declaration -Wdeprecated-declarations -Wno-packed-bitfield-compat -Wsuggest-attribute=noreturn -Wsuggest-attribute=format -Wno-maybe-uninitialized -DFULL_SSL_MODE_SUPPORT conftest.c  -L. -L/tmp/d20171217-46-6dql5a/opt/zammad/vendor/ruby-2.4.1/lib -Wl,-R/tmp/d20171217-46-6dql5a/opt/zammad/vendor/ruby-2.4.1/lib -L. -fstack-protector -rdynamic -Wl,-export-dynamic    -L/usr/lib/x86_64-linux-gnu -lmysqlclient -lpthread -lz -lm -lrt -ldl  -Wl,-R/tmp/d20171217-46-6dql5a/opt/zammad/vendor/ruby-2.4.1/lib -lruby-static -Werror -Wno-switch-enum -lpthread -ldl -lcrypt -lm   -lc"
checked program was:
/* begin */
1: #include "ruby.h"
2: 
3: int main() {return 0;}
/* end */

"gcc -o conftest -I/tmp/d20171217-46-6dql5a/opt/zammad/vendor/ruby-2.4.1/include/ruby-2.4.0/x86_64-linux -I/tmp/d20171217-46-6dql5a/opt/zammad/vendor/ruby-2.4.1/include/ruby-2.4.0/ruby/backward -I/tmp/d20171217-46-6dql5a/opt/zammad/vendor/ruby-2.4.1/include/ruby-2.4.0 -I. -I/usr/include/mysql    -O3 -fno-fast-math -g -Wall -Wextra -Wno-unused-parameter -Wno-parentheses -Wno-long-long -Wno-missing-field-initializers -Wno-tautological-compare -Wno-parentheses-equality -Wno-constant-logical-operand -Wno-self-assign -Wunused-variable -Wimplicit-int -Wpointer-arith -Wwrite-strings -Wdeclaration-after-statement -Wimplicit-function-declaration -Wdeprecated-declarations -Wno-packed-bitfield-compat -Wsuggest-attribute=noreturn -Wsuggest-attribute=format -Wno-maybe-uninitialized -DFULL_SSL_MODE_SUPPORT conftest.c  -L. -L/tmp/d20171217-46-6dql5a/opt/zammad/vendor/ruby-2.4.1/lib -Wl,-R/tmp/d20171217-46-6dql5a/opt/zammad/vendor/ruby-2.4.1/lib -L. -fstack-protector -rdynamic -Wl,-export-dynamic    -L/usr/lib/x86_64-linux-gnu -lmysqlclient -lpthread -lz -lm -lrt -ldl  -Wl,-R/tmp/d20171217-46-6dql5a/opt/zammad/vendor/ruby-2.4.1/lib -lruby-static -Werror -Wno-undef -lpthread -ldl -lcrypt -lm   -lc"
checked program was:
/* begin */
1: #include "ruby.h"
2: 
3: int main() {return 0;}
/* end */

"gcc -o conftest -I/tmp/d20171217-46-6dql5a/opt/zammad/vendor/ruby-2.4.1/include/ruby-2.4.0/x86_64-linux -I/tmp/d20171217-46-6dql5a/opt/zammad/vendor/ruby-2.4.1/include/ruby-2.4.0/ruby/backward -I/tmp/d20171217-46-6dql5a/opt/zammad/vendor/ruby-2.4.1/include/ruby-2.4.0 -I. -I/usr/include/mysql    -O3 -fno-fast-math -g -Wall -Wextra -Wno-unused-parameter -Wno-parentheses -Wno-long-long -Wno-missing-field-initializers -Wno-tautological-compare -Wno-parentheses-equality -Wno-constant-logical-operand -Wno-self-assign -Wunused-variable -Wimplicit-int -Wpointer-arith -Wwrite-strings -Wdeclaration-after-statement -Wimplicit-function-declaration -Wdeprecated-declarations -Wno-packed-bitfield-compat -Wsuggest-attribute=noreturn -Wsuggest-attribute=format -Wno-maybe-uninitialized -DFULL_SSL_MODE_SUPPORT conftest.c  -L. -L/tmp/d20171217-46-6dql5a/opt/zammad/vendor/ruby-2.4.1/lib -Wl,-R/tmp/d20171217-46-6dql5a/opt/zammad/vendor/ruby-2.4.1/lib -L. -fstack-protector -rdynamic -Wl,-export-dynamic    -L/usr/lib/x86_64-linux-gnu -lmysqlclient -lpthread -lz -lm -lrt -ldl  -Wl,-R/tmp/d20171217-46-6dql5a/opt/zammad/vendor/ruby-2.4.1/lib -lruby-static -Werror -Wno-unreachable-code -lpthread -ldl -lcrypt -lm   -lc"
checked program was:
/* begin */
1: #include "ruby.h"
2: 
3: int main() {return 0;}
/* end */

"gcc -o conftest -I/tmp/d20171217-46-6dql5a/opt/zammad/vendor/ruby-2.4.1/include/ruby-2.4.0/x86_64-linux -I/tmp/d20171217-46-6dql5a/opt/zammad/vendor/ruby-2.4.1/include/ruby-2.4.0/ruby/backward -I/tmp/d20171217-46-6dql5a/opt/zammad/vendor/ruby-2.4.1/include/ruby-2.4.0 -I. -I/usr/include/mysql    -O3 -fno-fast-math -g -Wall -Wextra -Wno-unused-parameter -Wno-parentheses -Wno-long-long -Wno-missing-field-initializers -Wno-tautological-compare -Wno-parentheses-equality -Wno-constant-logical-operand -Wno-self-assign -Wunused-variable -Wimplicit-int -Wpointer-arith -Wwrite-strings -Wdeclaration-after-statement -Wimplicit-function-declaration -Wdeprecated-declarations -Wno-packed-bitfield-compat -Wsuggest-attribute=noreturn -Wsuggest-attribute=format -Wno-maybe-uninitialized -DFULL_SSL_MODE_SUPPORT conftest.c  -L. -L/tmp/d20171217-46-6dql5a/opt/zammad/vendor/ruby-2.4.1/lib -Wl,-R/tmp/d20171217-46-6dql5a/opt/zammad/vendor/ruby-2.4.1/lib -L. -fstack-protector -rdynamic -Wl,-export-dynamic    -L/usr/lib/x86_64-linux-gnu -lmysqlclient -lpthread -lz -lm -lrt -ldl  -Wl,-R/tmp/d20171217-46-6dql5a/opt/zammad/vendor/ruby-2.4.1/lib -lruby-static -Werror -Wno-used-but-marked-unused -lpthread -ldl -lcrypt -lm   -lc"
checked program was:
/* begin */
1: #include "ruby.h"
2: 
3: int main() {return 0;}
/* end */

